This file contains any messages produced by compilers while
running configure, to aid debugging if configure makes a mistake.

It was created by SDK configure 1.0, which was
generated by GNU Autoconf 2.69.  Invocation command line was

  $ ./configure 

## --------- ##
## Platform. ##
## --------- ##

hostname = ubuntu
uname -m = x86_64
uname -r = 4.15.0-132-generic
uname -s = Linux
uname -v = #136~16.04.1-Ubuntu SMP Tue Jan 12 18:22:20 UTC 2021

/usr/bin/uname -p = unknown
/bin/uname -X     = unknown

/bin/arch              = unknown
/usr/bin/arch -k       = unknown
/usr/convex/getsysinfo = unknown
/usr/bin/hostinfo      = unknown
/bin/machine           = unknown
/usr/bin/oslevel       = unknown
/bin/universe          = unknown

PATH: /home/aeasringnar/anaconda3/bin
PATH: /home/xiatian/anaconda3/envs/game_ai_sdk/bin
PATH: /home/xiatian/anaconda3/condabin
PATH: /home/xiatian/bin
PATH: /home/xiatian/.local/bin
PATH: /usr/local/sbin
PATH: /usr/local/bin
PATH: /usr/sbin
PATH: /usr/bin
PATH: /sbin
PATH: /bin
PATH: /usr/games
PATH: /usr/local/games
PATH: /snap/bin


## ----------- ##
## Core tests. ##
## ----------- ##

configure:2439: checking for a BSD-compatible install
configure:2507: result: /usr/bin/install -c
configure:2518: checking whether build environment is sane
configure:2573: result: yes
configure:2724: checking for a thread-safe mkdir -p
configure:2763: result: /bin/mkdir -p
configure:2770: checking for gawk
configure:2800: result: no
configure:2770: checking for mawk
configure:2786: found /usr/bin/mawk
configure:2797: result: mawk
configure:2808: checking whether make sets $(MAKE)
configure:2830: result: yes
configure:2859: checking whether make supports nested variables
configure:2876: result: yes
configure:3066: checking for g++
configure:3082: found /usr/bin/g++
configure:3093: result: g++
configure:3120: checking for C++ compiler version
configure:3129: g++ --version >&5
g++ (Ubuntu 5.4.0-6ubuntu1~16.04.12) 5.4.0 20160609
Copyright (C) 2015 Free Software Foundation, Inc.
This is free software; see the source for copying conditions.  There is NO
warranty; not even for MERCHANTABILITY or FITNESS FOR A PARTICULAR PURPOSE.

configure:3140: $? = 0
configure:3129: g++ -v >&5
Using built-in specs.
COLLECT_GCC=g++
COLLECT_LTO_WRAPPER=/usr/lib/gcc/x86_64-linux-gnu/5/lto-wrapper
Target: x86_64-linux-gnu
Configured with: ../src/configure -v --with-pkgversion='Ubuntu 5.4.0-6ubuntu1~16.04.12' --with-bugurl=file:///usr/share/doc/gcc-5/README.Bugs --enable-languages=c,ada,c++,java,go,d,fortran,objc,obj-c++ --prefix=/usr --program-suffix=-5 --enable-shared --enable-linker-build-id --libexecdir=/usr/lib --without-included-gettext --enable-threads=posix --libdir=/usr/lib --enable-nls --with-sysroot=/ --enable-clocale=gnu --enable-libstdcxx-debug --enable-libstdcxx-time=yes --with-default-libstdcxx-abi=new --enable-gnu-unique-object --disable-vtable-verify --enable-libmpx --enable-plugin --with-system-zlib --disable-browser-plugin --enable-java-awt=gtk --enable-gtk-cairo --with-java-home=/usr/lib/jvm/java-1.5.0-gcj-5-amd64/jre --enable-java-home --with-jvm-root-dir=/usr/lib/jvm/java-1.5.0-gcj-5-amd64 --with-jvm-jar-dir=/usr/lib/jvm-exports/java-1.5.0-gcj-5-amd64 --with-arch-directory=amd64 --with-ecj-jar=/usr/share/java/eclipse-ecj.jar --enable-objc-gc --enable-multiarch --disable-werror --with-arch-32=i686 --with-abi=m64 --with-multilib-list=m32,m64,mx32 --enable-multilib --with-tune=generic --enable-checking=release --build=x86_64-linux-gnu --host=x86_64-linux-gnu --target=x86_64-linux-gnu
Thread model: posix
gcc version 5.4.0 20160609 (Ubuntu 5.4.0-6ubuntu1~16.04.12) 
configure:3140: $? = 0
configure:3129: g++ -V >&5
g++: error: unrecognized command line option '-V'
g++: fatal error: no input files
compilation terminated.
configure:3140: $? = 1
configure:3129: g++ -qversion >&5
g++: error: unrecognized command line option '-qversion'
g++: fatal error: no input files
compilation terminated.
configure:3140: $? = 1
configure:3160: checking whether the C++ compiler works
configure:3182: g++    conftest.cpp  >&5
configure:3186: $? = 0
configure:3234: result: yes
configure:3237: checking for C++ compiler default output file name
configure:3239: result: a.out
configure:3245: checking for suffix of executables
configure:3252: g++ -o conftest    conftest.cpp  >&5
configure:3256: $? = 0
configure:3278: result: 
configure:3300: checking whether we are cross compiling
configure:3308: g++ -o conftest    conftest.cpp  >&5
configure:3312: $? = 0
configure:3319: ./conftest
configure:3323: $? = 0
configure:3338: result: no
configure:3343: checking for suffix of object files
configure:3365: g++ -c   conftest.cpp >&5
configure:3369: $? = 0
configure:3390: result: o
configure:3394: checking whether we are using the GNU C++ compiler
configure:3413: g++ -c   conftest.cpp >&5
configure:3413: $? = 0
configure:3422: result: yes
configure:3431: checking whether g++ accepts -g
configure:3451: g++ -c -g  conftest.cpp >&5
configure:3451: $? = 0
configure:3492: result: yes
configure:3526: checking for style of include used by make
configure:3554: result: GNU
configure:3580: checking dependency style of g++
configure:3691: result: gcc3
configure:3754: checking for gcc
configure:3770: found /usr/bin/gcc
configure:3781: result: gcc
configure:4010: checking for C compiler version
configure:4019: gcc --version >&5
gcc (Ubuntu 5.4.0-6ubuntu1~16.04.12) 5.4.0 20160609
Copyright (C) 2015 Free Software Foundation, Inc.
This is free software; see the source for copying conditions.  There is NO
warranty; not even for MERCHANTABILITY or FITNESS FOR A PARTICULAR PURPOSE.

configure:4030: $? = 0
configure:4019: gcc -v >&5
Using built-in specs.
COLLECT_GCC=gcc
COLLECT_LTO_WRAPPER=/usr/lib/gcc/x86_64-linux-gnu/5/lto-wrapper
Target: x86_64-linux-gnu
Configured with: ../src/configure -v --with-pkgversion='Ubuntu 5.4.0-6ubuntu1~16.04.12' --with-bugurl=file:///usr/share/doc/gcc-5/README.Bugs --enable-languages=c,ada,c++,java,go,d,fortran,objc,obj-c++ --prefix=/usr --program-suffix=-5 --enable-shared --enable-linker-build-id --libexecdir=/usr/lib --without-included-gettext --enable-threads=posix --libdir=/usr/lib --enable-nls --with-sysroot=/ --enable-clocale=gnu --enable-libstdcxx-debug --enable-libstdcxx-time=yes --with-default-libstdcxx-abi=new --enable-gnu-unique-object --disable-vtable-verify --enable-libmpx --enable-plugin --with-system-zlib --disable-browser-plugin --enable-java-awt=gtk --enable-gtk-cairo --with-java-home=/usr/lib/jvm/java-1.5.0-gcj-5-amd64/jre --enable-java-home --with-jvm-root-dir=/usr/lib/jvm/java-1.5.0-gcj-5-amd64 --with-jvm-jar-dir=/usr/lib/jvm-exports/java-1.5.0-gcj-5-amd64 --with-arch-directory=amd64 --with-ecj-jar=/usr/share/java/eclipse-ecj.jar --enable-objc-gc --enable-multiarch --disable-werror --with-arch-32=i686 --with-abi=m64 --with-multilib-list=m32,m64,mx32 --enable-multilib --with-tune=generic --enable-checking=release --build=x86_64-linux-gnu --host=x86_64-linux-gnu --target=x86_64-linux-gnu
Thread model: posix
gcc version 5.4.0 20160609 (Ubuntu 5.4.0-6ubuntu1~16.04.12) 
configure:4030: $? = 0
configure:4019: gcc -V >&5
gcc: error: unrecognized command line option '-V'
gcc: fatal error: no input files
compilation terminated.
configure:4030: $? = 1
configure:4019: gcc -qversion >&5
gcc: error: unrecognized command line option '-qversion'
gcc: fatal error: no input files
compilation terminated.
configure:4030: $? = 1
configure:4034: checking whether we are using the GNU C compiler
configure:4053: gcc -c   conftest.c >&5
configure:4053: $? = 0
configure:4062: result: yes
configure:4071: checking whether gcc accepts -g
configure:4091: gcc -c -g  conftest.c >&5
configure:4091: $? = 0
configure:4132: result: yes
configure:4149: checking for gcc option to accept ISO C89
configure:4212: gcc  -c -g -O2  conftest.c >&5
configure:4212: $? = 0
configure:4225: result: none needed
configure:4250: checking whether gcc understands -c and -o together
configure:4272: gcc -c conftest.c -o conftest2.o
configure:4275: $? = 0
configure:4272: gcc -c conftest.c -o conftest2.o
configure:4275: $? = 0
configure:4287: result: yes
configure:4306: checking dependency style of gcc
configure:4417: result: gcc3
configure:4445: checking for main in -lboost_system
configure:4464: gcc -o conftest -g -O2   conftest.c -lboost_system   >&5
configure:4464: $? = 0
configure:4473: result: yes
configure:4489: checking for main in -lboost_thread
configure:4508: gcc -o conftest -g -O2   conftest.c -lboost_thread   >&5
configure:4508: $? = 0
configure:4517: result: yes
configure:4533: checking for main in -ldl
configure:4552: gcc -o conftest -g -O2   conftest.c -ldl   >&5
configure:4552: $? = 0
configure:4561: result: yes
configure:4577: checking for main in -lopencv_core
configure:4596: gcc -o conftest -g -O2   conftest.c -lopencv_core   >&5
configure:4596: $? = 0
configure:4605: result: yes
configure:4621: checking for main in -lopencv_features2d
configure:4640: gcc -o conftest -g -O2   conftest.c -lopencv_features2d   >&5
configure:4640: $? = 0
configure:4649: result: yes
configure:4665: checking for main in -lopencv_highgui
configure:4684: gcc -o conftest -g -O2   conftest.c -lopencv_highgui   >&5
configure:4684: $? = 0
configure:4693: result: yes
configure:4709: checking for main in -lopencv_imgcodecs
configure:4728: gcc -o conftest -g -O2   conftest.c -lopencv_imgcodecs   >&5
configure:4728: $? = 0
configure:4737: result: yes
configure:4748: checking for main in -lopencv_imgproc
configure:4767: gcc -o conftest -g -O2   conftest.c -lopencv_imgproc   >&5
configure:4767: $? = 0
configure:4776: result: yes
configure:4792: checking for main in -lopencv_photo
configure:4811: gcc -o conftest -g -O2   conftest.c -lopencv_photo   >&5
configure:4811: $? = 0
configure:4820: result: yes
configure:4836: checking for main in -lopencv_video
configure:4855: gcc -o conftest -g -O2   conftest.c -lopencv_video   >&5
configure:4855: $? = 0
configure:4864: result: yes
configure:4880: checking for main in -lopencv_videoio
configure:4899: gcc -o conftest -g -O2   conftest.c -lopencv_videoio   >&5
configure:4899: $? = 0
configure:4908: result: yes
configure:4919: checking for main in -lprotobuf
configure:4938: gcc -o conftest -g -O2   conftest.c -lprotobuf   >&5
configure:4938: $? = 0
configure:4947: result: yes
configure:4963: checking for main in -lpthread
configure:4982: gcc -o conftest -g -O2   conftest.c -lpthread   >&5
configure:4982: $? = 0
configure:4991: result: yes
configure:5007: checking for main in -ltbus
configure:5026: gcc -o conftest -g -O2   conftest.c -ltbus   >&5
configure:5026: $? = 0
configure:5035: result: yes
configure:5058: checking how to run the C preprocessor
configure:5089: gcc -E  conftest.c
configure:5089: $? = 0
configure:5103: gcc -E  conftest.c
conftest.c:11:28: fatal error: ac_nonexistent.h: No such file or directory
compilation terminated.
configure:5103: $? = 1
configure: failed program was:
| /* confdefs.h */
| #define PACKAGE_NAME "SDK"
| #define PACKAGE_TARNAME "sdk"
| #define PACKAGE_VERSION "1.0"
| #define PACKAGE_STRING "SDK 1.0"
| #define PACKAGE_BUGREPORT "xxx@tencent.com"
| #define PACKAGE_URL ""
| #define PACKAGE "SDK"
| #define VERSION "1.0"
| /* end confdefs.h.  */
| #include <ac_nonexistent.h>
configure:5128: result: gcc -E
configure:5148: gcc -E  conftest.c
configure:5148: $? = 0
configure:5162: gcc -E  conftest.c
conftest.c:11:28: fatal error: ac_nonexistent.h: No such file or directory
compilation terminated.
configure:5162: $? = 1
configure: failed program was:
| /* confdefs.h */
| #define PACKAGE_NAME "SDK"
| #define PACKAGE_TARNAME "sdk"
| #define PACKAGE_VERSION "1.0"
| #define PACKAGE_STRING "SDK 1.0"
| #define PACKAGE_BUGREPORT "xxx@tencent.com"
| #define PACKAGE_URL ""
| #define PACKAGE "SDK"
| #define VERSION "1.0"
| /* end confdefs.h.  */
| #include <ac_nonexistent.h>
configure:5191: checking for grep that handles long lines and -e
configure:5249: result: /bin/grep
configure:5254: checking for egrep
configure:5316: result: /bin/grep -E
configure:5321: checking for ANSI C header files
configure:5341: gcc -c -g -O2  conftest.c >&5
configure:5341: $? = 0
configure:5414: gcc -o conftest -g -O2   conftest.c  >&5
configure:5414: $? = 0
configure:5414: ./conftest
configure:5414: $? = 0
configure:5425: result: yes
configure:5438: checking for sys/types.h
configure:5438: gcc -c -g -O2  conftest.c >&5
configure:5438: $? = 0
configure:5438: result: yes
configure:5438: checking for sys/stat.h
configure:5438: gcc -c -g -O2  conftest.c >&5
configure:5438: $? = 0
configure:5438: result: yes
configure:5438: checking for stdlib.h
configure:5438: gcc -c -g -O2  conftest.c >&5
configure:5438: $? = 0
configure:5438: result: yes
configure:5438: checking for string.h
configure:5438: gcc -c -g -O2  conftest.c >&5
configure:5438: $? = 0
configure:5438: result: yes
configure:5438: checking for memory.h
configure:5438: gcc -c -g -O2  conftest.c >&5
configure:5438: $? = 0
configure:5438: result: yes
configure:5438: checking for strings.h
configure:5438: gcc -c -g -O2  conftest.c >&5
configure:5438: $? = 0
configure:5438: result: yes
configure:5438: checking for inttypes.h
configure:5438: gcc -c -g -O2  conftest.c >&5
configure:5438: $? = 0
configure:5438: result: yes
configure:5438: checking for stdint.h
configure:5438: gcc -c -g -O2  conftest.c >&5
configure:5438: $? = 0
configure:5438: result: yes
configure:5438: checking for unistd.h
configure:5438: gcc -c -g -O2  conftest.c >&5
configure:5438: $? = 0
configure:5438: result: yes
configure:5452: checking for stdlib.h
configure:5452: result: yes
configure:5485: checking for stdbool.h that conforms to C99
configure:5552: gcc -c -g -O2  conftest.c >&5
configure:5552: $? = 0
configure:5559: result: yes
configure:5561: checking for _Bool
configure:5561: gcc -c -g -O2  conftest.c >&5
configure:5561: $? = 0
configure:5561: gcc -c -g -O2  conftest.c >&5
conftest.c: In function 'main':
conftest.c:58:20: error: expected expression before ')' token
 if (sizeof ((_Bool)))
                    ^
configure:5561: $? = 1
configure: failed program was:
| /* confdefs.h */
| #define PACKAGE_NAME "SDK"
| #define PACKAGE_TARNAME "sdk"
| #define PACKAGE_VERSION "1.0"
| #define PACKAGE_STRING "SDK 1.0"
| #define PACKAGE_BUGREPORT "xxx@tencent.com"
| #define PACKAGE_URL ""
| #define PACKAGE "SDK"
| #define VERSION "1.0"
| #define STDC_HEADERS 1
| #define HAVE_SYS_TYPES_H 1
| #define HAVE_SYS_STAT_H 1
| #define HAVE_STDLIB_H 1
| #define HAVE_STRING_H 1
| #define HAVE_MEMORY_H 1
| #define HAVE_STRINGS_H 1
| #define HAVE_INTTYPES_H 1
| #define HAVE_STDINT_H 1
| #define HAVE_UNISTD_H 1
| #define HAVE_STDLIB_H 1
| /* end confdefs.h.  */
| #include <stdio.h>
| #ifdef HAVE_SYS_TYPES_H
| # include <sys/types.h>
| #endif
| #ifdef HAVE_SYS_STAT_H
| # include <sys/stat.h>
| #endif
| #ifdef STDC_HEADERS
| # include <stdlib.h>
| # include <stddef.h>
| #else
| # ifdef HAVE_STDLIB_H
| #  include <stdlib.h>
| # endif
| #endif
| #ifdef HAVE_STRING_H
| # if !defined STDC_HEADERS && defined HAVE_MEMORY_H
| #  include <memory.h>
| # endif
| # include <string.h>
| #endif
| #ifdef HAVE_STRINGS_H
| # include <strings.h>
| #endif
| #ifdef HAVE_INTTYPES_H
| # include <inttypes.h>
| #endif
| #ifdef HAVE_STDINT_H
| # include <stdint.h>
| #endif
| #ifdef HAVE_UNISTD_H
| # include <unistd.h>
| #endif
| int
| main ()
| {
| if (sizeof ((_Bool)))
| 	    return 0;
|   ;
|   return 0;
| }
configure:5561: result: yes
configure:5572: checking for inline
configure:5588: gcc -c -g -O2  conftest.c >&5
configure:5588: $? = 0
configure:5596: result: inline
configure:5614: checking for int16_t
configure:5614: gcc -c -g -O2  conftest.c >&5
configure:5614: $? = 0
configure:5614: gcc -c -g -O2  conftest.c >&5
conftest.c: In function 'main':
conftest.c:60:12: error: size of array 'test_array' is negative
 static int test_array [1 - 2 * !((int16_t) (((((int16_t) 1 << N) << N) - 1) * 2 + 1)
            ^
configure:5614: $? = 1
configure: failed program was:
| /* confdefs.h */
| #define PACKAGE_NAME "SDK"
| #define PACKAGE_TARNAME "sdk"
| #define PACKAGE_VERSION "1.0"
| #define PACKAGE_STRING "SDK 1.0"
| #define PACKAGE_BUGREPORT "xxx@tencent.com"
| #define PACKAGE_URL ""
| #define PACKAGE "SDK"
| #define VERSION "1.0"
| #define STDC_HEADERS 1
| #define HAVE_SYS_TYPES_H 1
| #define HAVE_SYS_STAT_H 1
| #define HAVE_STDLIB_H 1
| #define HAVE_STRING_H 1
| #define HAVE_MEMORY_H 1
| #define HAVE_STRINGS_H 1
| #define HAVE_INTTYPES_H 1
| #define HAVE_STDINT_H 1
| #define HAVE_UNISTD_H 1
| #define HAVE_STDLIB_H 1
| #define HAVE__BOOL 1
| /* end confdefs.h.  */
| #include <stdio.h>
| #ifdef HAVE_SYS_TYPES_H
| # include <sys/types.h>
| #endif
| #ifdef HAVE_SYS_STAT_H
| # include <sys/stat.h>
| #endif
| #ifdef STDC_HEADERS
| # include <stdlib.h>
| # include <stddef.h>
| #else
| # ifdef HAVE_STDLIB_H
| #  include <stdlib.h>
| # endif
| #endif
| #ifdef HAVE_STRING_H
| # if !defined STDC_HEADERS && defined HAVE_MEMORY_H
| #  include <memory.h>
| # endif
| # include <string.h>
| #endif
| #ifdef HAVE_STRINGS_H
| # include <strings.h>
| #endif
| #ifdef HAVE_INTTYPES_H
| # include <inttypes.h>
| #endif
| #ifdef HAVE_STDINT_H
| # include <stdint.h>
| #endif
| #ifdef HAVE_UNISTD_H
| # include <unistd.h>
| #endif
| 	        enum { N = 16 / 2 - 1 };
| int
| main ()
| {
| static int test_array [1 - 2 * !((int16_t) (((((int16_t) 1 << N) << N) - 1) * 2 + 1)
| 		 < (int16_t) (((((int16_t) 1 << N) << N) - 1) * 2 + 2))];
| test_array [0] = 0;
| return test_array [0];
| 
|   ;
|   return 0;
| }
configure:5614: result: yes
configure:5625: checking for size_t
configure:5625: gcc -c -g -O2  conftest.c >&5
configure:5625: $? = 0
configure:5625: gcc -c -g -O2  conftest.c >&5
conftest.c: In function 'main':
conftest.c:59:21: error: expected expression before ')' token
 if (sizeof ((size_t)))
                     ^
configure:5625: $? = 1
configure: failed program was:
| /* confdefs.h */
| #define PACKAGE_NAME "SDK"
| #define PACKAGE_TARNAME "sdk"
| #define PACKAGE_VERSION "1.0"
| #define PACKAGE_STRING "SDK 1.0"
| #define PACKAGE_BUGREPORT "xxx@tencent.com"
| #define PACKAGE_URL ""
| #define PACKAGE "SDK"
| #define VERSION "1.0"
| #define STDC_HEADERS 1
| #define HAVE_SYS_TYPES_H 1
| #define HAVE_SYS_STAT_H 1
| #define HAVE_STDLIB_H 1
| #define HAVE_STRING_H 1
| #define HAVE_MEMORY_H 1
| #define HAVE_STRINGS_H 1
| #define HAVE_INTTYPES_H 1
| #define HAVE_STDINT_H 1
| #define HAVE_UNISTD_H 1
| #define HAVE_STDLIB_H 1
| #define HAVE__BOOL 1
| /* end confdefs.h.  */
| #include <stdio.h>
| #ifdef HAVE_SYS_TYPES_H
| # include <sys/types.h>
| #endif
| #ifdef HAVE_SYS_STAT_H
| # include <sys/stat.h>
| #endif
| #ifdef STDC_HEADERS
| # include <stdlib.h>
| # include <stddef.h>
| #else
| # ifdef HAVE_STDLIB_H
| #  include <stdlib.h>
| # endif
| #endif
| #ifdef HAVE_STRING_H
| # if !defined STDC_HEADERS && defined HAVE_MEMORY_H
| #  include <memory.h>
| # endif
| # include <string.h>
| #endif
| #ifdef HAVE_STRINGS_H
| # include <strings.h>
| #endif
| #ifdef HAVE_INTTYPES_H
| # include <inttypes.h>
| #endif
| #ifdef HAVE_STDINT_H
| # include <stdint.h>
| #endif
| #ifdef HAVE_UNISTD_H
| # include <unistd.h>
| #endif
| int
| main ()
| {
| if (sizeof ((size_t)))
| 	    return 0;
|   ;
|   return 0;
| }
configure:5625: result: yes
configure:5636: checking for uint64_t
configure:5636: gcc -c -g -O2  conftest.c >&5
configure:5636: $? = 0
configure:5636: result: yes
configure:5655: checking for memset
configure:5655: gcc -o conftest -g -O2   conftest.c  >&5
conftest.c:46:6: warning: conflicting types for built-in function 'memset'
 char memset ();
      ^
configure:5655: $? = 0
configure:5655: result: yes
configure:5655: checking for sqrt
configure:5655: gcc -o conftest -g -O2   conftest.c  >&5
conftest.c:47:6: warning: conflicting types for built-in function 'sqrt'
 char sqrt ();
      ^
/tmp/cclzeBe4.o: In function `main':
/home/xiatian/Downloads/gameaisdk-ubuntu/src/ImgProc/conftest.c:58: undefined reference to `sqrt'
collect2: error: ld returned 1 exit status
configure:5655: $? = 1
configure: failed program was:
| /* confdefs.h */
| #define PACKAGE_NAME "SDK"
| #define PACKAGE_TARNAME "sdk"
| #define PACKAGE_VERSION "1.0"
| #define PACKAGE_STRING "SDK 1.0"
| #define PACKAGE_BUGREPORT "xxx@tencent.com"
| #define PACKAGE_URL ""
| #define PACKAGE "SDK"
| #define VERSION "1.0"
| #define STDC_HEADERS 1
| #define HAVE_SYS_TYPES_H 1
| #define HAVE_SYS_STAT_H 1
| #define HAVE_STDLIB_H 1
| #define HAVE_STRING_H 1
| #define HAVE_MEMORY_H 1
| #define HAVE_STRINGS_H 1
| #define HAVE_INTTYPES_H 1
| #define HAVE_STDINT_H 1
| #define HAVE_UNISTD_H 1
| #define HAVE_STDLIB_H 1
| #define HAVE__BOOL 1
| #define HAVE_MEMSET 1
| /* end confdefs.h.  */
| /* Define sqrt to an innocuous variant, in case <limits.h> declares sqrt.
|    For example, HP-UX 11i <limits.h> declares gettimeofday.  */
| #define sqrt innocuous_sqrt
| 
| /* System header to define __stub macros and hopefully few prototypes,
|     which can conflict with char sqrt (); below.
|     Prefer <limits.h> to <assert.h> if __STDC__ is defined, since
|     <limits.h> exists even on freestanding compilers.  */
| 
| #ifdef __STDC__
| # include <limits.h>
| #else
| # include <assert.h>
| #endif
| 
| #undef sqrt
| 
| /* Override any GCC internal prototype to avoid an error.
|    Use char because int might match the return type of a GCC
|    builtin and then its argument prototype would still apply.  */
| #ifdef __cplusplus
| extern "C"
| #endif
| char sqrt ();
| /* The GNU C library defines this for functions which it implements
|     to always fail with ENOSYS.  Some functions are actually named
|     something starting with __ and the normal name is an alias.  */
| #if defined __stub_sqrt || defined __stub___sqrt
| choke me
| #endif
| 
| int
| main ()
| {
| return sqrt ();
|   ;
|   return 0;
| }
configure:5655: result: no
configure:5777: checking that generated files are newer than configure
configure:5783: result: done
configure:5810: creating ./config.status

## ---------------------- ##
## Running config.status. ##
## ---------------------- ##

This file was extended by SDK config.status 1.0, which was
generated by GNU Autoconf 2.69.  Invocation command line was

  CONFIG_FILES    = 
  CONFIG_HEADERS  = 
  CONFIG_LINKS    = 
  CONFIG_COMMANDS = 
  $ ./config.status 

on ubuntu

config.status:870: creating Makefile
config.status:870: creating GameRecognize/Makefile
config.status:870: creating UI/Makefile
config.status:870: creating config.h
config.status:1051: config.h is unchanged
config.status:1099: executing depfiles commands

## ---------------- ##
## Cache variables. ##
## ---------------- ##

ac_cv_c_compiler_gnu=yes
ac_cv_c_inline=inline
ac_cv_c_int16_t=yes
ac_cv_c_uint64_t=yes
ac_cv_cxx_compiler_gnu=yes
ac_cv_env_CCC_set=
ac_cv_env_CCC_value=
ac_cv_env_CC_set=
ac_cv_env_CC_value=
ac_cv_env_CFLAGS_set=
ac_cv_env_CFLAGS_value=
ac_cv_env_CPPFLAGS_set=
ac_cv_env_CPPFLAGS_value=
ac_cv_env_CPP_set=
ac_cv_env_CPP_value=
ac_cv_env_CXXFLAGS_set=
ac_cv_env_CXXFLAGS_value=
ac_cv_env_CXX_set=
ac_cv_env_CXX_value=
ac_cv_env_LDFLAGS_set=
ac_cv_env_LDFLAGS_value=
ac_cv_env_LIBS_set=
ac_cv_env_LIBS_value=
ac_cv_env_build_alias_set=
ac_cv_env_build_alias_value=
ac_cv_env_host_alias_set=
ac_cv_env_host_alias_value=
ac_cv_env_target_alias_set=
ac_cv_env_target_alias_value=
ac_cv_func_memset=yes
ac_cv_func_sqrt=no
ac_cv_header_inttypes_h=yes
ac_cv_header_memory_h=yes
ac_cv_header_stdbool_h=yes
ac_cv_header_stdc=yes
ac_cv_header_stdint_h=yes
ac_cv_header_stdlib_h=yes
ac_cv_header_string_h=yes
ac_cv_header_strings_h=yes
ac_cv_header_sys_stat_h=yes
ac_cv_header_sys_types_h=yes
ac_cv_header_unistd_h=yes
ac_cv_lib_boost_system_main=yes
ac_cv_lib_boost_thread_main=yes
ac_cv_lib_dl_main=yes
ac_cv_lib_opencv_core_main=yes
ac_cv_lib_opencv_features2d_main=yes
ac_cv_lib_opencv_highgui_main=yes
ac_cv_lib_opencv_imgcodecs_main=yes
ac_cv_lib_opencv_imgproc_main=yes
ac_cv_lib_opencv_photo_main=yes
ac_cv_lib_opencv_video_main=yes
ac_cv_lib_opencv_videoio_main=yes
ac_cv_lib_protobuf_main=yes
ac_cv_lib_pthread_main=yes
ac_cv_lib_tbus_main=yes
ac_cv_objext=o
ac_cv_path_EGREP='/bin/grep -E'
ac_cv_path_GREP=/bin/grep
ac_cv_path_install='/usr/bin/install -c'
ac_cv_path_mkdir=/bin/mkdir
ac_cv_prog_AWK=mawk
ac_cv_prog_CPP='gcc -E'
ac_cv_prog_ac_ct_CC=gcc
ac_cv_prog_ac_ct_CXX=g++
ac_cv_prog_cc_c89=
ac_cv_prog_cc_g=yes
ac_cv_prog_cxx_g=yes
ac_cv_prog_make_make_set=yes
ac_cv_type__Bool=yes
ac_cv_type_size_t=yes
am_cv_CC_dependencies_compiler_type=gcc3
am_cv_CXX_dependencies_compiler_type=gcc3
am_cv_make_support_nested_variables=yes
am_cv_prog_cc_c_o=yes

## ----------------- ##
## Output variables. ##
## ----------------- ##

ACLOCAL='${SHELL} /home/xiatian/Downloads/gameaisdk-ubuntu/src/ImgProc/missing aclocal-1.15'
AMDEPBACKSLASH='\'
AMDEP_FALSE='#'
AMDEP_TRUE=''
AMTAR='$${TAR-tar}'
AM_BACKSLASH='\'
AM_DEFAULT_V='$(AM_DEFAULT_VERBOSITY)'
AM_DEFAULT_VERBOSITY='1'
AM_V='$(V)'
AUTOCONF='${SHELL} /home/xiatian/Downloads/gameaisdk-ubuntu/src/ImgProc/missing autoconf'
AUTOHEADER='${SHELL} /home/xiatian/Downloads/gameaisdk-ubuntu/src/ImgProc/missing autoheader'
AUTOMAKE='${SHELL} /home/xiatian/Downloads/gameaisdk-ubuntu/src/ImgProc/missing automake-1.15'
AWK='mawk'
CC='gcc'
CCDEPMODE='depmode=gcc3'
CFLAGS='-g -O2'
CPP='gcc -E'
CPPFLAGS=''
CXX='g++'
CXXDEPMODE='depmode=gcc3'
CXXFLAGS='-g'
CYGPATH_W='echo'
DEFS='-DHAVE_CONFIG_H'
DEPDIR='.deps'
ECHO_C=''
ECHO_N='-n'
ECHO_T=''
EGREP='/bin/grep -E'
EXEEXT=''
GAMEREGLIBFLAG='-lboost_system -lboost_thread -ldl -lopencv_core -lopencv_features2d -lopencv_highgui -lopencv_imgcodecs -lopencv_imgproc -lopencv_photo -lopencv_video -lopencv_videoio -lprotobuf -lpthread -ltbus '
GPUDEF='CPU'
GREP='/bin/grep'
INSTALL_DATA='${INSTALL} -m 644'
INSTALL_PROGRAM='${INSTALL}'
INSTALL_SCRIPT='${INSTALL}'
INSTALL_STRIP_PROGRAM='$(install_sh) -c -s'
LDFLAGS=''
LIBDARKNET='-ldarknetV3_CPU'
LIBOBJS=''
LIBS=''
LTLIBOBJS=''
MAKEINFO='${SHELL} /home/xiatian/Downloads/gameaisdk-ubuntu/src/ImgProc/missing makeinfo'
MKDIR_P='/bin/mkdir -p'
OBJEXT='o'
PACKAGE='SDK'
PACKAGE_BUGREPORT='xxx@tencent.com'
PACKAGE_NAME='SDK'
PACKAGE_STRING='SDK 1.0'
PACKAGE_TARNAME='sdk'
PACKAGE_URL=''
PACKAGE_VERSION='1.0'
PATH_SEPARATOR=':'
SET_MAKE=''
SHELL='/bin/bash'
STRIP=''
UIRECOGNIZELIBFLAG='-lboost_system -lboost_thread -ldl -lopencv_core -lopencv_features2d -lopencv_highgui -lopencv_imgcodecs -lopencv_imgproc -lopencv_photo -lopencv_video -lopencv_videoio -lprotobuf -lpthread -ltbus '
VERSION='1.0'
ac_ct_CC='gcc'
ac_ct_CXX='g++'
am__EXEEXT_FALSE=''
am__EXEEXT_TRUE='#'
am__fastdepCC_FALSE='#'
am__fastdepCC_TRUE=''
am__fastdepCXX_FALSE='#'
am__fastdepCXX_TRUE=''
am__include='include'
am__isrc=''
am__leading_dot='.'
am__nodep='_no'
am__quote=''
am__tar='$${TAR-tar} chof - "$$tardir"'
am__untar='$${TAR-tar} xf -'
bindir='${exec_prefix}/bin'
build_alias=''
datadir='${datarootdir}'
datarootdir='${prefix}/share'
docdir='${datarootdir}/doc/${PACKAGE_TARNAME}'
dvidir='${docdir}'
exec_prefix='${prefix}'
host_alias=''
htmldir='${docdir}'
includedir='${prefix}/include'
infodir='${datarootdir}/info'
install_sh='${SHELL} /home/xiatian/Downloads/gameaisdk-ubuntu/src/ImgProc/install-sh'
libdir='${exec_prefix}/lib'
libexecdir='${exec_prefix}/libexec'
localedir='${datarootdir}/locale'
localstatedir='${prefix}/var'
mandir='${datarootdir}/man'
mkdir_p='$(MKDIR_P)'
oldincludedir='/usr/include'
pdfdir='${docdir}'
prefix='/usr/local'
program_transform_name='s,x,x,'
psdir='${docdir}'
runstatedir='${localstatedir}/run'
sbindir='${exec_prefix}/sbin'
sharedstatedir='${prefix}/com'
sysconfdir='${prefix}/etc'
target_alias=''

## ----------- ##
## confdefs.h. ##
## ----------- ##

/* confdefs.h */
#define PACKAGE_NAME "SDK"
#define PACKAGE_TARNAME "sdk"
#define PACKAGE_VERSION "1.0"
#define PACKAGE_STRING "SDK 1.0"
#define PACKAGE_BUGREPORT "xxx@tencent.com"
#define PACKAGE_URL ""
#define PACKAGE "SDK"
#define VERSION "1.0"
#define STDC_HEADERS 1
#define HAVE_SYS_TYPES_H 1
#define HAVE_SYS_STAT_H 1
#define HAVE_STDLIB_H 1
#define HAVE_STRING_H 1
#define HAVE_MEMORY_H 1
#define HAVE_STRINGS_H 1
#define HAVE_INTTYPES_H 1
#define HAVE_STDINT_H 1
#define HAVE_UNISTD_H 1
#define HAVE_STDLIB_H 1
#define HAVE__BOOL 1
#define HAVE_MEMSET 1

configure: exit 0
